c:\users\hananavr\documents\לימודים\שיטות בהנדסת תוכנה\finalproject_new\software_engineer_finalproject\common\debug\common.pdb
c:\users\hananavr\documents\לימודים\שיטות בהנדסת תוכנה\finalproject_new\software_engineer_finalproject\common\debug\common.idb
c:\users\hananavr\documents\לימודים\שיטות בהנדסת תוכנה\finalproject_new\software_engineer_finalproject\common\debug\label.obj
c:\users\hananavr\documents\לימודים\שיטות בהנדסת תוכנה\finalproject_new\software_engineer_finalproject\common\debug\border.obj
c:\users\hananavr\documents\לימודים\שיטות בהנדסת תוכנה\finalproject_new\software_engineer_finalproject\common\debug\borderstrategy.obj
c:\users\hananavr\documents\לימודים\שיטות בהנדסת תוכנה\finalproject_new\software_engineer_finalproject\common\debug\button.obj
c:\users\hananavr\documents\לימודים\שיטות בהנדסת תוכנה\finalproject_new\software_engineer_finalproject\common\debug\checklist.obj
c:\users\hananavr\documents\לימודים\שיטות בהנדסת תוכנה\finalproject_new\software_engineer_finalproject\common\debug\combobox.obj
c:\users\hananavr\documents\לימודים\שיטות בהנדסת תוכנה\finalproject_new\software_engineer_finalproject\common\debug\control.obj
c:\users\hananavr\documents\לימודים\שיטות בהנדסת תוכנה\finalproject_new\software_engineer_finalproject\common\debug\eventengine.obj
c:\users\hananavr\documents\לימודים\שיטות בהנדסת תוכנה\finalproject_new\software_engineer_finalproject\common\debug\graphics.obj
c:\users\hananavr\documents\לימודים\שיטות בהנדסת תוכנה\finalproject_new\software_engineer_finalproject\common\debug\message_box.obj
c:\users\hananavr\documents\לימודים\שיטות בהנדסת תוכנה\finalproject_new\software_engineer_finalproject\common\debug\numericbox.obj
c:\users\hananavr\documents\לימודים\שיטות בהנדסת תוכנה\finalproject_new\software_engineer_finalproject\common\debug\panel.obj
c:\users\hananavr\documents\לימודים\שיטות בהנדסת תוכנה\finalproject_new\software_engineer_finalproject\common\debug\checkbox.obj
c:\users\hananavr\documents\לימודים\שיטות בהנדסת תוכנה\finalproject_new\software_engineer_finalproject\common\debug\textbox.obj
c:\users\hananavr\documents\לימודים\שיטות בהנדסת תוכנה\finalproject_new\software_engineer_finalproject\debug\common.lib
c:\users\hananavr\documents\לימודים\שיטות בהנדסת תוכנה\finalproject_new\software_engineer_finalproject\debug\common.pdb
c:\users\hananavr\documents\לימודים\שיטות בהנדסת תוכנה\finalproject_new\software_engineer_finalproject\common\debug\common.tlog\cl.command.1.tlog
c:\users\hananavr\documents\לימודים\שיטות בהנדסת תוכנה\finalproject_new\software_engineer_finalproject\common\debug\common.tlog\cl.read.1.tlog
c:\users\hananavr\documents\לימודים\שיטות בהנדסת תוכנה\finalproject_new\software_engineer_finalproject\common\debug\common.tlog\cl.write.1.tlog
c:\users\hananavr\documents\לימודים\שיטות בהנדסת תוכנה\finalproject_new\software_engineer_finalproject\common\debug\common.tlog\lib-link.write.1.tlog
c:\users\hananavr\documents\לימודים\שיטות בהנדסת תוכנה\finalproject_new\software_engineer_finalproject\common\debug\common.tlog\lib.command.1.tlog
c:\users\hananavr\documents\לימודים\שיטות בהנדסת תוכנה\finalproject_new\software_engineer_finalproject\common\debug\common.tlog\lib.read.1.tlog
